addr: 0xbfd20c3c stack: 0xb6030ff4
addr: 0xbfd20c10 stack: 0xb77c1d20
addr: 0xbfd20c10 stack: 0xb77c1d20
addr: 0xbfd20c20 stack: 0xb6031304
addr: 0xbfd20c50 stack: 0x1
addr: 0xbfd20c40 stack: 0x80484a0
addr: 0xbfd20c50 stack: 0x1
addr: 0xbfd20b60 stack: 0
addr: 0xbfd20b70 stack: 0xb77d0264
Call Count 0xa
Ret Count 0x9
Call: 0x80483ac Ret: 0x80483b1
Call: 0x80484a6 Ret: 0x80484ab
Call: 0x80484b4 Ret: 0x80484b9
Call: 0x804830b Ret: 0x8048310
Call: 0x8048326 Ret: 0x804832b
Call: 0x804832b Ret: 0x8048330
Call: 0x8048479 Ret: 0x804847e
Call: 0x804845b Ret: 0x8048460
Call: 0x8048533 Ret: 0x8048538
Call: 0x804853f Ret: 0x8048544
